07:19:07: Creating resource group General
07:19:07: Creating resource group Internal
07:19:07: Creating resource group Autodetect
07:19:07: Registering ResourceManager for type Mesh
07:19:07: Registering ResourceManager for type Material
07:19:07: Registering ResourceManager for type Skeleton
07:19:07: XMLMeshSerializer reading mesh data from tank-machine.mesh.xml...
07:19:07: Reading geometry...
07:19:07: Geometry done...
07:19:07: Reading submeshes...
07:19:07: Submeshes done.
07:19:07: Reading mesh names...
07:19:07: Mesh names done.
07:19:07: XMLMeshSerializer import successful.
07:19:07: Reorganising vertex buffers to automatic layout...
07:19:07: MeshSerializer writing mesh data to stream ...
07:19:07: File header written.
07:19:07: Writing mesh data...
07:19:07: Writing submesh...
07:19:07: Exporting submesh texture aliases...
07:19:07: Submesh texture aliases exported.
07:19:07: Submesh exported.
07:19:07: Writing submesh...
07:19:07: Exporting submesh texture aliases...
07:19:07: Submesh texture aliases exported.
07:19:07: Submesh exported.
07:19:07: Exporting bounds information....
07:19:07: Bounds information exported.
07:19:07: Exporting submesh name table...
07:19:07: Submesh name table exported.
07:19:07: Mesh data exported.
07:19:07: MeshSerializer export successful.
07:19:07: Unregistering ResourceManager for type Skeleton
07:19:07: Unregistering ResourceManager for type Material
07:19:07: Unregistering ResourceManager for type Mesh
