21:05:44: Creating resource group General
21:05:44: Creating resource group Internal
21:05:44: Creating resource group Autodetect
21:05:44: SceneManagerFactory for type 'DefaultSceneManager' registered.
21:05:44: Registering ResourceManager for type Material
21:05:44: Registering ResourceManager for type Mesh
21:05:44: Registering ResourceManager for type Skeleton
21:05:44: MovableObjectFactory for type 'ParticleSystem' registered.
21:05:44: ArchiveFactory for archive type FileSystem registered.
21:05:44: DDS codec registering
21:05:44: FreeImage version: 3.17.0
21:05:44: This program uses FreeImage, a free, open source image library supporting all common bitmap formats. See http://freeimage.sourceforge.net for details
21:05:44: Supported formats: bmp,ico,jpg,jif,jpeg,jpe,jng,koa,iff,lbm,mng,pbm,pbm,pcd,pcx,pgm,pgm,png,ppm,ppm,ras,tga,targa,tif,tiff,wap,wbmp,wbm,psd,cut,xbm,xpm,gif,hdr,sgi,rgb,rgba,bw,exr,j2k,j2c,jp2,pfm,pct,pict,pic,3fr,arw,bay,bmq,cap,cine,cr2,crw,cs1,dc2,dcr,drf,dsc,dng,erf,fff,ia,iiq,k25,kc2,kdc,mdc,mef,mos,mrw,nef,nrw,orf,pef,ptx,pxn,qtk,raf,raw,rdc,rw2,rwl,rwz,sr2,srf,srw,sti,x3f,webp,jxr,wdp,hdp
21:05:44: Registering ResourceManager for type HighLevelGpuProgram
21:05:44: Registering ResourceManager for type Compositor
21:05:44: MovableObjectFactory for type 'Entity' registered.
21:05:44: MovableObjectFactory for type 'Light' registered.
21:05:44: MovableObjectFactory for type 'BillboardSet' registered.
21:05:44: MovableObjectFactory for type 'ManualObject' registered.
21:05:44: MovableObjectFactory for type 'BillboardChain' registered.
21:05:44: MovableObjectFactory for type 'RibbonTrail' registered.
21:05:44: OGRE EXCEPTION(6:FileNotFoundException): 'plugins.cfg' file not found! in ConfigFile::load at /home/martin/programming/c/ogre_source/ogre/OgreMain/src/OgreConfigFile.cpp (line 88)
21:05:44: plugins.cfg not found, automatic plugin loading disabled.
21:05:44: *-*-* OGRE Initialising
21:05:44: *-*-* Version 1.10.0unstable (Xalafu)
21:05:44: OGRE EXCEPTION(6:FileNotFoundException): 'resources.cfg' file not found! in ConfigFile::load at /home/martin/programming/c/ogre_source/ogre/OgreMain/src/OgreConfigFile.cpp (line 88)
21:05:44: *-*-* OGRE Shutdown
21:05:44: Unregistering ResourceManager for type Compositor
21:05:44: Unregistering ResourceManager for type Skeleton
21:05:44: Unregistering ResourceManager for type Mesh
21:05:44: Unregistering ResourceManager for type HighLevelGpuProgram
21:05:44: Unregistering ResourceManager for type Material
